  SUProjectUnity.cpp
c:\users\suzie\desktop\dx2d\suproject\suproject\texture.cpp(101): warning C4018: '<': signed 또는 unsigned가 일치하지 않습니다.
c:\users\suzie\desktop\dx2d\suproject\suproject\texture.cpp(103): warning C4018: '<': signed 또는 unsigned가 일치하지 않습니다.
c:\users\suzie\desktop\dx2d\suproject\suproject\texture.cpp(117): warning C4018: '<': signed 또는 unsigned가 일치하지 않습니다.
c:\users\suzie\desktop\dx2d\suproject\suproject\texture.cpp(119): warning C4018: '<': signed 또는 unsigned가 일치하지 않습니다.
c:\users\suzie\desktop\dx2d\suproject\suproject\texture.cpp(134): warning C4018: '<': signed 또는 unsigned가 일치하지 않습니다.
c:\users\suzie\desktop\dx2d\suproject\suproject\texture.cpp(136): warning C4018: '<': signed 또는 unsigned가 일치하지 않습니다.
  SUProjectMUnity.cpp
c:\users\suzie\desktop\dx2d\suproject\suprojectm\dooreffectscript.cpp(89): warning C4018: '<': signed 또는 unsigned가 일치하지 않습니다.
c:\users\suzie\desktop\dx2d\suproject\suprojectm\dooreffectscript.cpp(117): warning C4018: '<': signed 또는 unsigned가 일치하지 않습니다.
c:\users\suzie\desktop\dx2d\suproject\suprojectm\dooreffectscript.cpp(129): warning C4018: '<': signed 또는 unsigned가 일치하지 않습니다.
c:\users\suzie\desktop\dx2d\suproject\suprojectm\dragonkillersword.cpp(309): warning C4018: '<': signed 또는 unsigned가 일치하지 않습니다.
c:\users\suzie\desktop\dx2d\suproject\suprojectm\dragonkillersword.cpp(322): warning C4018: '<': signed 또는 unsigned가 일치하지 않습니다.
c:\users\suzie\desktop\dx2d\suproject\suprojectm\room.cpp(23): warning C4018: '<': signed 또는 unsigned가 일치하지 않습니다.
c:\users\suzie\desktop\dx2d\suproject\suprojectm\room.cpp(61): warning C4018: '<': signed 또는 unsigned가 일치하지 않습니다.
c:\users\suzie\desktop\dx2d\suproject\suprojectm\room.cpp(80): warning C4018: '<': signed 또는 unsigned가 일치하지 않습니다.
c:\users\suzie\desktop\dx2d\suproject\suprojectm\room.cpp(96): warning C4018: '<': signed 또는 unsigned가 일치하지 않습니다.
c:\users\suzie\desktop\dx2d\suproject\suprojectm\roomscene.cpp(693): warning C4018: '<': signed 또는 unsigned가 일치하지 않습니다.
c:\users\suzie\desktop\dx2d\suproject\suprojectm\roomscene.cpp(701): warning C4018: '<': signed 또는 unsigned가 일치하지 않습니다.
c:\users\suzie\desktop\dx2d\suproject\suprojectm\roomscene.cpp(709): warning C4018: '<': signed 또는 unsigned가 일치하지 않습니다.
c:\users\suzie\desktop\dx2d\suproject\suprojectm\roomscene.cpp(717): warning C4018: '<': signed 또는 unsigned가 일치하지 않습니다.
c:\users\suzie\desktop\dx2d\suproject\suprojectm\roomscene.cpp(737): warning C4018: '<': signed 또는 unsigned가 일치하지 않습니다.
  코드를 생성하고 있습니다...
LINK : fatal error LNK1104: 'fmod_vc.lib' 파일을 열 수 없습니다.
