c:\users\suzie\desktop\dx2d\suproject\suprojectt\x64\release\suprojecttr64.pch
c:\users\suzie\desktop\dx2d\suproject\suprojectt\x64\release\vc140.pdb
c:\users\suzie\desktop\dx2d\suproject\suprojectt\x64\release\stdafx.obj
c:\users\suzie\desktop\dx2d\suproject\suprojectt\x64\release\toolscenescript.obj
c:\users\suzie\desktop\dx2d\suproject\suprojectt\x64\release\toolglobalvalue.obj
c:\users\suzie\desktop\dx2d\suproject\suprojectt\x64\release\toolbuilder.obj
c:\users\suzie\desktop\dx2d\suproject\suprojectt\x64\release\suprojectt.obj
c:\users\suzie\desktop\dx2d\suproject\suprojectt\x64\release\spwindow.obj
c:\users\suzie\desktop\dx2d\suproject\suprojectt\x64\release\spritedlg.obj
c:\users\suzie\desktop\dx2d\suproject\suprojectt\x64\release\rightview.obj
c:\users\suzie\desktop\dx2d\suproject\suprojectt\x64\release\rightdlg.obj
c:\users\suzie\desktop\dx2d\suproject\suprojectt\x64\release\randdlg.obj
c:\users\suzie\desktop\dx2d\suproject\suprojectt\x64\release\mapdlg.obj
c:\users\suzie\desktop\dx2d\suproject\suprojectt\x64\release\mainfrm.obj
c:\users\suzie\desktop\dx2d\suproject\suprojectt\x64\release\leftview.obj
c:\users\suzie\desktop\dx2d\suproject\suprojectt\x64\release\anidlg.obj
c:\users\suzie\desktop\dx2d\suproject\bin\suprojecttr64.exe
c:\users\suzie\desktop\dx2d\suproject\bin\suprojecttr64.ipdb
c:\users\suzie\desktop\dx2d\suproject\bin\suprojecttr64.iobj
c:\users\suzie\desktop\dx2d\suproject\bin\suprojecttr64.pdb
c:\users\suzie\desktop\dx2d\suproject\suprojectt\x64\release\suprojectt.res
c:\users\suzie\desktop\dx2d\suproject\suprojectt\x64\release\suprojectt.vcxprojresolveassemblyreference.cache
c:\users\suzie\desktop\dx2d\suproject\suprojectt\..\bin\suprojecttr64.exe
c:\users\suzie\desktop\dx2d\suproject\suprojectt\x64\release\suprojectt.tlog\cl.command.1.tlog
c:\users\suzie\desktop\dx2d\suproject\suprojectt\x64\release\suprojectt.tlog\cl.read.1.tlog
c:\users\suzie\desktop\dx2d\suproject\suprojectt\x64\release\suprojectt.tlog\cl.write.1.tlog
c:\users\suzie\desktop\dx2d\suproject\suprojectt\x64\release\suprojectt.tlog\link.command.1.tlog
c:\users\suzie\desktop\dx2d\suproject\suprojectt\x64\release\suprojectt.tlog\link.read.1.tlog
c:\users\suzie\desktop\dx2d\suproject\suprojectt\x64\release\suprojectt.tlog\link.write.1.tlog
c:\users\suzie\desktop\dx2d\suproject\suprojectt\x64\release\suprojectt.tlog\rc.command.1.tlog
c:\users\suzie\desktop\dx2d\suproject\suprojectt\x64\release\suprojectt.tlog\rc.read.1.tlog
c:\users\suzie\desktop\dx2d\suproject\suprojectt\x64\release\suprojectt.tlog\rc.write.1.tlog
