  Blend.cpp
  Camera.cpp
  CircleCollider.cpp
  CollisionMgr.cpp
  Collider.cpp
  Component.cpp
  ConstantBuf.cpp
  FileStream.cpp
  FrameAni2D.cpp
  GameDebug.cpp
  GameFont.cpp
  GameHeader.cpp
  GameMath.cpp
  GameSound.cpp
  InputMgr.cpp
  MainValue.cpp
  Mesh.cpp
  PathMgr.cpp
  PixShader.cpp
  ReadStream.cpp
  컴파일하고 있습니다...
  RectCollider.cpp
  Renderer.cpp
  RenderMgr.cpp
  ResBase.cpp
  GameActor.cpp
  GameScene.cpp
  GameSceneMgr.cpp
  Sampler.cpp
  SCore.cpp
  Script.cpp
  SDevice.cpp
  RefBase.cpp
  SDeviceDefault.cpp
  Shader.cpp
