  SUProjectCUnity.cpp
  SUProjectMUnity.cpp
  SUProjectUnity.cpp
  코드를 생성하고 있습니다.
  212 of 13323 functions ( 1.6%) were compiled, the rest were copied from previous compilation.
    0 functions were new in current compilation
    64 functions had inline decision re-evaluated but remain unchanged
  코드를 생성했습니다.
DirectXTexR64.lib(BC.obj) : warning LNK4099: 'DirectXTexR64.pdb' PDB를 'DirectXTexR64.lib(BC.obj)' 또는 'C:\Users\User\Downloads\Dungreed\Bin\DirectXTexR64.pdb'에서 찾을 수 없습니다. 디버그 정보가 없는 것처럼 개체를 링크합니다.
DirectXTexR64.lib(BC4BC5.obj) : warning LNK4099: 'DirectXTexR64.pdb' PDB를 'DirectXTexR64.lib(BC4BC5.obj)' 또는 'C:\Users\User\Downloads\Dungreed\Bin\DirectXTexR64.pdb'에서 찾을 수 없습니다. 디버그 정보가 없는 것처럼 개체를 링크합니다.
DirectXTexR64.lib(BC6HBC7.obj) : warning LNK4099: 'DirectXTexR64.pdb' PDB를 'DirectXTexR64.lib(BC6HBC7.obj)' 또는 'C:\Users\User\Downloads\Dungreed\Bin\DirectXTexR64.pdb'에서 찾을 수 없습니다. 디버그 정보가 없는 것처럼 개체를 링크합니다.
DirectXTexR64.lib(DirectXTexCompress.obj) : warning LNK4099: 'DirectXTexR64.pdb' PDB를 'DirectXTexR64.lib(DirectXTexCompress.obj)' 또는 'C:\Users\User\Downloads\Dungreed\Bin\DirectXTexR64.pdb'에서 찾을 수 없습니다. 디버그 정보가 없는 것처럼 개체를 링크합니다.
DirectXTexR64.lib(DirectXTexConvert.obj) : warning LNK4099: 'DirectXTexR64.pdb' PDB를 'DirectXTexR64.lib(DirectXTexConvert.obj)' 또는 'C:\Users\User\Downloads\Dungreed\Bin\DirectXTexR64.pdb'에서 찾을 수 없습니다. 디버그 정보가 없는 것처럼 개체를 링크합니다.
DirectXTexR64.lib(DirectXTexD3D11.obj) : warning LNK4099: 'DirectXTexR64.pdb' PDB를 'DirectXTexR64.lib(DirectXTexD3D11.obj)' 또는 'C:\Users\User\Downloads\Dungreed\Bin\DirectXTexR64.pdb'에서 찾을 수 없습니다. 디버그 정보가 없는 것처럼 개체를 링크합니다.
DirectXTexR64.lib(DirectXTexDDS.obj) : warning LNK4099: 'DirectXTexR64.pdb' PDB를 'DirectXTexR64.lib(DirectXTexDDS.obj)' 또는 'C:\Users\User\Downloads\Dungreed\Bin\DirectXTexR64.pdb'에서 찾을 수 없습니다. 디버그 정보가 없는 것처럼 개체를 링크합니다.
DirectXTexR64.lib(DirectXTexImage.obj) : warning LNK4099: 'DirectXTexR64.pdb' PDB를 'DirectXTexR64.lib(DirectXTexImage.obj)' 또는 'C:\Users\User\Downloads\Dungreed\Bin\DirectXTexR64.pdb'에서 찾을 수 없습니다. 디버그 정보가 없는 것처럼 개체를 링크합니다.
DirectXTexR64.lib(DirectXTexMipMaps.obj) : warning LNK4099: 'DirectXTexR64.pdb' PDB를 'DirectXTexR64.lib(DirectXTexMipMaps.obj)' 또는 'C:\Users\User\Downloads\Dungreed\Bin\DirectXTexR64.pdb'에서 찾을 수 없습니다. 디버그 정보가 없는 것처럼 개체를 링크합니다.
DirectXTexR64.lib(DirectXTexTGA.obj) : warning LNK4099: 'DirectXTexR64.pdb' PDB를 'DirectXTexR64.lib(DirectXTexTGA.obj)' 또는 'C:\Users\User\Downloads\Dungreed\Bin\DirectXTexR64.pdb'에서 찾을 수 없습니다. 디버그 정보가 없는 것처럼 개체를 링크합니다.
DirectXTexR64.lib(DirectXTexUtil.obj) : warning LNK4099: 'DirectXTexR64.pdb' PDB를 'DirectXTexR64.lib(DirectXTexUtil.obj)' 또는 'C:\Users\User\Downloads\Dungreed\Bin\DirectXTexR64.pdb'에서 찾을 수 없습니다. 디버그 정보가 없는 것처럼 개체를 링크합니다.
DirectXTexR64.lib(DirectXTexWIC.obj) : warning LNK4099: 'DirectXTexR64.pdb' PDB를 'DirectXTexR64.lib(DirectXTexWIC.obj)' 또는 'C:\Users\User\Downloads\Dungreed\Bin\DirectXTexR64.pdb'에서 찾을 수 없습니다. 디버그 정보가 없는 것처럼 개체를 링크합니다.
  Dungreed.vcxproj -> C:\Users\User\Downloads\Dungreed\Dungreed\..\Bin\Dungreed.exe
  Dungreed.vcxproj -> ..\Bin\Dungreed.pdb (Full PDB)
