c:\users\suzie\desktop\dx2d\suproject\suproject\x64\debug\suproject.pdb
c:\users\suzie\desktop\dx2d\suproject\suproject\x64\debug\suproject.idb
c:\users\suzie\desktop\dx2d\suproject\suproject\x64\debug\sampler.obj
c:\users\suzie\desktop\dx2d\suproject\suproject\x64\debug\script.obj
c:\users\suzie\desktop\dx2d\suproject\suproject\x64\debug\sdevice.obj
c:\users\suzie\desktop\dx2d\suproject\suproject\x64\debug\refbase.obj
c:\users\suzie\desktop\dx2d\suproject\suproject\x64\debug\sdevicedefault.obj
c:\users\suzie\desktop\dx2d\suproject\suproject\x64\debug\shader.obj
c:\users\suzie\desktop\dx2d\suproject\suproject\x64\debug\shaderhelper.obj
c:\users\suzie\desktop\dx2d\suproject\suproject\x64\debug\sprite.obj
c:\users\suzie\desktop\dx2d\suproject\suproject\x64\debug\subtransform.obj
c:\users\suzie\desktop\dx2d\suproject\suproject\x64\debug\texture.obj
c:\users\suzie\desktop\dx2d\suproject\suproject\x64\debug\texture2drender.obj
c:\users\suzie\desktop\dx2d\suproject\suproject\x64\debug\tilemaprender.obj
c:\users\suzie\desktop\dx2d\suproject\suproject\x64\debug\timehelper.obj
c:\users\suzie\desktop\dx2d\suproject\suproject\x64\debug\transform.obj
c:\users\suzie\desktop\dx2d\suproject\suproject\x64\debug\typebase.obj
c:\users\suzie\desktop\dx2d\suproject\suproject\x64\debug\timemgr.obj
c:\users\suzie\desktop\dx2d\suproject\suproject\x64\debug\vtxshader.obj
c:\users\suzie\desktop\dx2d\suproject\suproject\x64\debug\writestream.obj
c:\users\suzie\desktop\dx2d\suproject\suproject\x64\debug\constantbuf.obj
c:\users\suzie\desktop\dx2d\suproject\suproject\x64\debug\filestream.obj
c:\users\suzie\desktop\dx2d\suproject\suproject\x64\debug\gamedebug.obj
c:\users\suzie\desktop\dx2d\suproject\suproject\x64\debug\gamefont.obj
c:\users\suzie\desktop\dx2d\suproject\suproject\x64\debug\gameheader.obj
c:\users\suzie\desktop\dx2d\suproject\suproject\x64\debug\gamemath.obj
c:\users\suzie\desktop\dx2d\suproject\suproject\x64\debug\inputmgr.obj
c:\users\suzie\desktop\dx2d\suproject\suproject\x64\debug\mesh.obj
c:\users\suzie\desktop\dx2d\suproject\suproject\x64\debug\pathmgr.obj
c:\users\suzie\desktop\dx2d\suproject\suproject\x64\debug\pixshader.obj
c:\users\suzie\desktop\dx2d\suproject\suproject\x64\debug\readstream.obj
c:\users\suzie\desktop\dx2d\suproject\suproject\x64\debug\resbase.obj
c:\users\suzie\desktop\dx2d\suproject\suproject\x64\debug\blend.obj
c:\users\suzie\desktop\dx2d\suproject\suproject\x64\debug\collisionmgr.obj
c:\users\suzie\desktop\dx2d\suproject\suproject\x64\debug\component.obj
c:\users\suzie\desktop\dx2d\suproject\suproject\x64\debug\suproject.tlog\cl.command.1.tlog
c:\users\suzie\desktop\dx2d\suproject\suproject\x64\debug\suproject.tlog\cl.read.1.tlog
c:\users\suzie\desktop\dx2d\suproject\suproject\x64\debug\suproject.tlog\cl.write.1.tlog
c:\users\suzie\desktop\dx2d\suproject\suproject\x64\debug\suproject.tlog\metagen.write.1.tlog
