c:\users\suzie\desktop\dx2d\suproject\suprojectm\x64\release\suprojectm.pdb
c:\users\suzie\desktop\dx2d\suproject\suprojectm\x64\release\dragonkillersword.obj
c:\users\suzie\desktop\dx2d\suproject\suprojectm\x64\release\doorscript.obj
c:\users\suzie\desktop\dx2d\suproject\suprojectm\x64\release\dooreffectscript.obj
c:\users\suzie\desktop\dx2d\suproject\suprojectm\x64\release\dooreffect.obj
c:\users\suzie\desktop\dx2d\suproject\suprojectm\x64\release\damagescript.obj
c:\users\suzie\desktop\dx2d\suproject\suprojectm\x64\release\cutscenescript.obj
c:\users\suzie\desktop\dx2d\suproject\suprojectm\x64\release\brighten.obj
c:\users\suzie\desktop\dx2d\suproject\suprojectm\x64\release\bossscene.obj
c:\users\suzie\desktop\dx2d\suproject\suprojectm\x64\release\bossdoor.obj
c:\users\suzie\desktop\dx2d\suproject\suprojectm\x64\release\bluelight.obj
c:\users\suzie\desktop\dx2d\suproject\suprojectm\x64\release\bloodscript.obj
c:\users\suzie\desktop\dx2d\suproject\suprojectm\x64\release\bigbat.obj
c:\users\suzie\desktop\dx2d\suproject\suprojectm\x64\release\bansheebullet.obj
c:\users\suzie\desktop\dx2d\suproject\suprojectm\x64\release\banshee.obj
c:\users\suzie\desktop\dx2d\suproject\suprojectm\x64\release\backscript.obj
c:\users\suzie\desktop\dx2d\suproject\suprojectm\x64\release\backcammovescript.obj
c:\users\suzie\desktop\dx2d\suproject\suprojectm\x64\release\afterimagescript.obj
c:\users\suzie\desktop\dx2d\suproject\suprojectm\x64\release\abyssguardianlight.obj
c:\users\suzie\desktop\dx2d\suproject\suprojectm\x64\release\abyssguardianbullet.obj
c:\users\suzie\desktop\dx2d\suproject\suprojectm\x64\release\abyssguardian.obj
c:\users\suzie\desktop\dx2d\suproject\suprojectm\x64\release\moneyvalue.obj
c:\users\suzie\desktop\dx2d\suproject\suprojectm\x64\release\moneyrender.obj
c:\users\suzie\desktop\dx2d\suproject\suprojectm\x64\release\maptestscene.obj
c:\users\suzie\desktop\dx2d\suproject\suprojectm\x64\release\mapscript.obj
c:\users\suzie\desktop\dx2d\suproject\suprojectm\x64\release\littleghost.obj
c:\users\suzie\desktop\dx2d\suproject\suprojectm\x64\release\lightrender.obj
c:\users\suzie\desktop\dx2d\suproject\suprojectm\x64\release\itemrender.obj
c:\users\suzie\desktop\dx2d\suproject\suprojectm\x64\release\itemalarm.obj
c:\users\suzie\desktop\dx2d\suproject\suprojectm\x64\release\icicle.obj
c:\users\suzie\desktop\dx2d\suproject\suprojectm\x64\release\icespear.obj
c:\users\suzie\desktop\dx2d\suproject\suprojectm\x64\release\icepillar.obj
c:\users\suzie\desktop\dx2d\suproject\suprojectm\x64\release\icelongbullet.obj
c:\users\suzie\desktop\dx2d\suproject\suprojectm\x64\release\iceeffect.obj
c:\users\suzie\desktop\dx2d\suproject\suprojectm\x64\release\grayiceskel.obj
c:\users\suzie\desktop\dx2d\suproject\suprojectm\x64\release\fireframe.obj
c:\users\suzie\desktop\dx2d\suproject\suprojectm\x64\release\fadescript.obj
c:\users\suzie\desktop\dx2d\suproject\suprojectm\x64\release\eternalsword.obj
c:\users\suzie\desktop\dx2d\suproject\suprojectm\x64\release\endlight.obj
c:\users\suzie\desktop\dx2d\suproject\suprojectm\x64\release\endingscene.obj
c:\users\suzie\desktop\dx2d\suproject\suprojectm\x64\release\dungeonenter.obj
c:\users\suzie\desktop\dx2d\suproject\suprojectm\x64\release\dustscript.obj
c:\users\suzie\desktop\dx2d\suproject\suprojectm\x64\release\cosmossword.obj
c:\users\suzie\desktop\dx2d\suproject\suprojectm\x64\release\cosmosbullet.obj
c:\users\suzie\desktop\dx2d\suproject\suprojectm\x64\release\cooltimerender.obj
c:\users\suzie\desktop\dx2d\suproject\suprojectm\x64\release\camvibscript.obj
c:\users\suzie\desktop\dx2d\suproject\suprojectm\x64\release\cammovescript.obj
c:\users\suzie\desktop\dx2d\suproject\suprojectm\x64\release\bulletscript.obj
c:\users\suzie\desktop\dx2d\suproject\suprojectm\x64\release\skelicemagicianbullet.obj
c:\users\suzie\desktop\dx2d\suproject\suprojectm\x64\release\roomscene.obj
c:\users\suzie\desktop\dx2d\suproject\suprojectm\x64\release\room.obj
c:\users\suzie\desktop\dx2d\suproject\suprojectm\x64\release\redbatbullet.obj
c:\users\suzie\desktop\dx2d\suproject\suprojectm\x64\release\redbat.obj
c:\users\suzie\desktop\dx2d\suproject\suprojectm\x64\release\portal.obj
c:\users\suzie\desktop\dx2d\suproject\suprojectm\x64\release\pointlightscript.obj
c:\users\suzie\desktop\dx2d\suproject\suprojectm\x64\release\particlerender.obj
c:\users\suzie\desktop\dx2d\suproject\suprojectm\x64\release\niflheim.obj
c:\users\suzie\desktop\dx2d\suproject\suprojectm\x64\release\movebackscript.obj
c:\users\suzie\desktop\dx2d\suproject\suprojectm\x64\release\mousescript.obj
c:\users\suzie\desktop\dx2d\suproject\suprojectm\x64\release\monstereffect.obj
c:\users\suzie\desktop\dx2d\suproject\suprojectm\x64\release\monsterbloodscript.obj
c:\users\suzie\desktop\dx2d\suproject\suprojectm\x64\release\weapondamage.obj
c:\users\suzie\desktop\dx2d\suproject\suprojectm\x64\release\vinesword.obj
c:\users\suzie\desktop\dx2d\suproject\suprojectm\x64\release\tresurescript.obj
c:\users\suzie\desktop\dx2d\suproject\suprojectm\x64\release\torchscript.obj
c:\users\suzie\desktop\dx2d\suproject\suprojectm\x64\release\snowscript.obj
c:\users\suzie\desktop\dx2d\suproject\suprojectm\x64\release\snowrender.obj
c:\users\suzie\desktop\dx2d\suproject\suprojectm\x64\release\slotitemrender.obj
c:\users\suzie\desktop\dx2d\suproject\suprojectm\x64\release\skelicemagiciansmallbullet.obj
c:\users\suzie\desktop\dx2d\suproject\suprojectm\x64\release\skelicemagician.obj
c:\users\suzie\desktop\dx2d\suproject\suprojectm\x64\release\playeruiscript.obj
c:\users\suzie\desktop\dx2d\suproject\suprojectm\x64\release\playerscript.obj
c:\users\suzie\desktop\dx2d\suproject\suprojectm\x64\release\playermovescript.obj
c:\users\suzie\desktop\dx2d\suproject\suprojectm\x64\release\middlestart.obj
c:\users\suzie\desktop\dx2d\suproject\suprojectm\x64\release\movescript.obj
c:\users\suzie\desktop\dx2d\suproject\suprojectm\x64\release\monsterscript.obj
c:\users\suzie\desktop\dx2d\suproject\suprojectm\x64\release\longsword.obj
c:\users\suzie\desktop\dx2d\suproject\suprojectm\x64\release\jumpefscript.obj
c:\users\suzie\desktop\dx2d\suproject\suprojectm\x64\release\itemmgr.obj
c:\users\suzie\desktop\dx2d\suproject\suprojectm\x64\release\effectscript.obj
c:\users\suzie\desktop\dx2d\suproject\suprojectm\x64\release\effectmgr.obj
c:\users\suzie\desktop\dx2d\suproject\suprojectm\x64\release\wyvernbullet.obj
c:\users\suzie\desktop\dx2d\suproject\suprojectm\x64\release\wyvern.obj
c:\users\suzie\desktop\dx2d\suproject\suprojectm\x64\release\weaponscript.obj
c:\users\suzie\desktop\dx2d\suproject\suprojectm\x64\release\weaponeffect.obj
c:\users\suzie\desktop\dx2d\suproject\bin\suprojectmr64.lib
c:\users\suzie\desktop\dx2d\suproject\suprojectm\x64\release\suprojectm.res
c:\users\suzie\desktop\dx2d\suproject\suprojectm\x64\release\suprojectm.vcxprojresolveassemblyreference.cache
c:\users\suzie\desktop\dx2d\suproject\suprojectm\..\bin\suprojectmr64.lib
c:\users\suzie\desktop\dx2d\suproject\suprojectm\x64\release\suprojectm.tlog\cl.command.1.tlog
c:\users\suzie\desktop\dx2d\suproject\suprojectm\x64\release\suprojectm.tlog\cl.read.1.tlog
c:\users\suzie\desktop\dx2d\suproject\suprojectm\x64\release\suprojectm.tlog\cl.write.1.tlog
c:\users\suzie\desktop\dx2d\suproject\suprojectm\x64\release\suprojectm.tlog\lib-link-cvtres.read.1.tlog
c:\users\suzie\desktop\dx2d\suproject\suprojectm\x64\release\suprojectm.tlog\lib-link-cvtres.write.1.tlog
c:\users\suzie\desktop\dx2d\suproject\suprojectm\x64\release\suprojectm.tlog\lib.command.1.tlog
c:\users\suzie\desktop\dx2d\suproject\suprojectm\x64\release\suprojectm.tlog\rc.command.1.tlog
c:\users\suzie\desktop\dx2d\suproject\suprojectm\x64\release\suprojectm.tlog\rc.read.1.tlog
c:\users\suzie\desktop\dx2d\suproject\suprojectm\x64\release\suprojectm.tlog\rc.write.1.tlog
